<?xml version="1.0" encoding="UTF-8"?>
<!-- Generated by org.testng.reporters.JUnitReportReporter -->
<testsuite hostname="DESKTOP-7667RCS" failures="0" tests="9" name="Qantily.ReportBug" time="33.683" errors="0" timestamp="2021-11-25T15:44:11 IST" skipped="0">
  <testcase classname="Qantily.ReportBug" name="login_before_project" time="11.494"/>
  <system-out/>
  <testcase classname="Qantily.ReportBug" name="Begin_Testing_button" time="4.138"/>
  <system-out/>
  <testcase classname="Qantily.ReportBug" name="Report_a_Bug" time="3.003"/>
  <system-out/>
  <testcase classname="Qantily.ReportBug" name="enter_value_defect_summary" time="2.498"/>
  <system-out/>
  <testcase classname="Qantily.ReportBug" name="enter_value_Component" time="2.126"/>
  <system-out/>
  <testcase classname="Qantily.ReportBug" name="select_Severity" time="3.793"/>
  <system-out/>
  <testcase classname="Qantily.ReportBug" name="Device_Used_For_Testing" time="2.199"/>
  <system-out/>
  <testcase classname="Qantily.ReportBug" name="enter_value_in_description" time="2.293"/>
  <system-out/>
  <testcase classname="Qantily.ReportBug" name="click_on_submit" time="2.139"/>
  <system-out/>
</testsuite> <!-- Qantily.ReportBug -->
