<?xml version="1.0" encoding="UTF-8"?>
<!-- Generated by org.testng.reporters.JUnitReportReporter -->
<testsuite hostname="DESKTOP-7667RCS" failures="0" tests="10" name="Qantily.ManualMethod" time="59.343" errors="0" timestamp="2021-11-25T15:44:12 IST" skipped="0">
  <testcase classname="Qantily.ManualMethod" name="login_before_project" time="16.440"/>
  <system-out/>
  <testcase classname="Qantily.ManualMethod" name="add_new_project" time="5.268"/>
  <system-out/>
  <testcase classname="Qantily.ManualMethod" name="verify_button" time="3.165"/>
  <system-out/>
  <testcase classname="Qantily.ManualMethod" name="verfy_manual_string" time="3.071"/>
  <system-out/>
  <testcase classname="Qantily.ManualMethod" name="verify_description_for_manual" time="3.051"/>
  <system-out/>
  <testcase classname="Qantily.ManualMethod" name="use_manual_method" time="5.164"/>
  <system-out/>
  <testcase classname="Qantily.ManualMethod" name="add_project_title" time="5.195"/>
  <system-out/>
  <testcase classname="Qantily.ManualMethod" name="select_browser" time="5.141"/>
  <system-out/>
  <testcase classname="Qantily.ManualMethod" name="verify_platform" time="3.051"/>
  <system-out/>
  <testcase classname="Qantily.ManualMethod" name="verify_platform_icon" time="9.797"/>
  <system-out/>
</testsuite> <!-- Qantily.ManualMethod -->
